1576461783350	mozrunner::runner	INFO	Running command: "C:\\Program Files\\Mozilla Firefox\\firefox.exe" "-marionette" "-foreground" "-no-remote" "-profile" "C:\\Users\\admin\\AppData\\Local\\Temp\\rust_mozprofile.gy6iFI4NHEBv"
1576461789377	addons.webextension.screenshots@mozilla.org	WARN	Loading extension 'screenshots@mozilla.org': Reading manifest: Invalid extension permission: mozillaAddons
1576461789378	addons.webextension.screenshots@mozilla.org	WARN	Loading extension 'screenshots@mozilla.org': Reading manifest: Invalid extension permission: telemetry
1576461789378	addons.webextension.screenshots@mozilla.org	WARN	Loading extension 'screenshots@mozilla.org': Reading manifest: Invalid extension permission: resource://pdf.js/
1576461789378	addons.webextension.screenshots@mozilla.org	WARN	Loading extension 'screenshots@mozilla.org': Reading manifest: Invalid extension permission: about:reader*
JavaScript error: resource://gre/modules/XULStore.jsm, line 66: Error: Can't find profile directory.
1576461797676	Marionette	INFO	Listening on port 62797
1576461797738	Marionette	WARN	TLS certificate errors will be ignored for this session
1576461802867	Marionette	INFO	Stopped listening on port 62797
[Child 17004, Chrome_ChildThread] WARNING: pipe error: 109: file z:/task_1572401533/build/src/ipc/chromium/src/chrome/common/ipc_channel_win.cc, line 341
[Child 17004, Chrome_ChildThread] WARNING: pipe error: 109: file z:/task_1572401533/build/src/ipc/chromium/src/chrome/common/ipc_channel_win.cc, line 341
[Parent 9800, Gecko_IOThread] WARNING: pipe error: 109: file z:/task_1572401533/build/src/ipc/chromium/src/chrome/common/ipc_channel_win.cc, line 341
[Child 14864, Chrome_ChildThread] WARNING: pipe error: 109: file z:/task_1572401533/build/src/ipc/chromium/src/chrome/common/ipc_channel_win.cc, line 341
[Child 148[GP
###!!! [Child][RunMessage] Error: Channel closing: too late to send/recv, messages will be lost


###!!! [Child][MessageChannel::SendAndWait] Error: Channel error: cannot send/recv

1576461809164	mozrunner::runner	INFO	Running command: "C:\\Program Files\\Mozilla Firefox\\firefox.exe" "-marionette" "-foreground" "-no-remote" "-profile" "C:\\Users\\admin\\AppData\\Local\\Temp\\rust_mozprofile.ZoAqvOu7GjzJ"
1576461810010	addons.webextension.screenshots@mozilla.org	WARN	Loading extension 'screenshots@mozilla.org': Reading manifest: Invalid extension permission: mozillaAddons
1576461810010	addons.webextension.screenshots@mozilla.org	WARN	Loading extension 'screenshots@mozilla.org': Reading manifest: Invalid extension permission: telemetry
1576461810010	addons.webextension.screenshots@mozilla.org	WARN	Loading extension 'screenshots@mozilla.org': Reading manifest: Invalid extension permission: resource://pdf.js/
1576461810010	addons.webextension.screenshots@mozilla.org	WARN	Loading extension 'screenshots@mozilla.org': Reading manifest: Invalid extension permission: about:reader*
JavaScript error: resource://gre/modules/XULStore.jsm, line 66: Error: Can't find profile directory.
1576461813304	Marionette	INFO	Listening on port 62846
1576461813382	Marionette	WARN	TLS certificate errors will be ignored for this session
JavaScript warning: https://admin-demo.nopcommerce.com/lib/jquery/jquery-1.10.2.min.js, line 2: Using //@ to indicate sourceMappingURL pragmas is deprecated. Use //# instead
1576461824490	Marionette	INFO	Stopped listening on port 62846
[Parent 18212, Gecko_IOThread] WARNING: pipe error: 109: file z:/task_1572401533/build/src/ipc/chromium/src/chrome/common/ipc_channel_win.cc, line 341
[Child 14272, Chrome_ChildThread] WARNING: pipe error: 109: file z:/task_1572401533/build/src/ipc/chromium/src/chrome/common/ipc_channel_win.cc, line 341
[Child 14272, Chrome_ChildThread] WARNING: pipe error: 109: file z:/task_1572401533/b[Parent 18212, Gecko_IOThread] WARNING: pipe error: 109: file z:/task_1572401533/build/src/ipc/chromium/src/chrome/common/ipc_channel_win.cc, line 341

###!!! [Child][RunMessage] Error: Channel closing: too late to send/recv, messages will be lost

[GPU 2760, Ch
###!!! [Child][MessageChannel::SendAndWait] Error: Channel error: cannot send/recv

1576461892783	mozrunner::runner	INFO	Running command: "C:\\Program Files\\Mozilla Firefox\\firefox.exe" "-marionette" "-foreground" "-no-remote" "-profile" "C:\\Users\\admin\\AppData\\Local\\Temp\\rust_mozprofile.h4bMgHEe3C5P"
1576461893938	addons.webextension.screenshots@mozilla.org	WARN	Loading extension 'screenshots@mozilla.org': Reading manifest: Invalid extension permission: mozillaAddons
1576461893939	addons.webextension.screenshots@mozilla.org	WARN	Loading extension 'screenshots@mozilla.org': Reading manifest: Invalid extension permission: telemetry
1576461893939	addons.webextension.screenshots@mozilla.org	WARN	Loading extension 'screenshots@mozilla.org': Reading manifest: Invalid extension permission: resource://pdf.js/
1576461893939	addons.webextension.screenshots@mozilla.org	WARN	Loading extension 'screenshots@mozilla.org': Reading manifest: Invalid extension permission: about:reader*
JavaScript error: resource://gre/modules/XULStore.jsm, line 66: Error: Can't find profile directory.
1576461899862	Marionette	INFO	Listening on port 62912
1576461900144	Marionette	WARN	TLS certificate errors will be ignored for this session
[Child 16896, Chrome_ChildThread] WARNING: pipe error: 109: file z:/task_1572401533/build/src/ipc/chromium/src/chrome/common/ipc_channel_win.cc, line 341
JavaScript warning: https://admin-demo.nopcommerce.com/lib/jquery/jquery-1.10.2.min.js, line 2: Using //@ to indicate sourceMappingURL pragmas is deprecated. Use //# instead
1576461914251	Marionette	INFO	Stopped listening on port 62909
[Parent 15668, Gecko_IOThread] WARNING: pipe error: 109: file z:/task_1572401533/build/src/ipc/chromium/src/chrome/common/ipc_channel_win.cc, line 341
[Child 13220, Chrome_ChildThread] WARNING: pipe error: 109: file z:/task_1572401533/build/src/ipc/chromium/src/chrome/common/ipc_channel_win.cc, line 341
[Child 13220, Chrome_ChildThread] WARNING: pipe error: 109: file z:/task_1572401533/build/src/ipc/chromium/src/chrome/common/ipc_channel_win.cc, line 341
[Child 19296, Chrome_ChildThread] WARNING: pipe error: 109: file z:/task_1572401533/build/src/ipc/chromium/src/chrome/common/ipc_channel_win.cc, line 341
[Child 19296, Chrome_ChildThread] WARNING: pipe error: 109: file z:/task_1572401533/build/src/ipc/chromium/src/chrome/common/ipc_channel_win.cc, line 341
[Parent 15668, Gecko_IOThread] WARNING: pipe error: 109: file z:/task_1572401533/build/src/ipc/chromium/src/chrome/common/ipc_channel_win.cc, line 341
[Child 14804, Chrome_ChildThread] WARNING: pipe error: 109: file z:/task_1572401533/build/src/ipc/chromium/src/chrome/common/ipc_channel_win.cc, line 341
[Child 14804, Chr
###!!! [Child][RunMessage] Error: Channel closing: too late to send/recv, messages will be lost

[
###!!! [Child][MessageChannel::SendAndWait] Error: Channel error: cannot send/recv

